TN:
SF:src/components/Card/Card.tsx
FN:7,Card
FNF:1
FNH:1
FNDA:8,Card
DA:3,1
DA:4,1
DA:5,1
DA:7,1
DA:8,8
DA:9,8
DA:10,2
DA:11,2
DA:12,2
DA:13,2
DA:14,2
DA:15,2
DA:16,2
DA:17,2
DA:18,2
DA:19,2
DA:20,2
DA:21,2
DA:22,2
DA:23,2
DA:24,2
DA:25,2
DA:26,2
DA:27,2
DA:28,2
DA:29,2
DA:31,2
LF:27
LH:27
BRDA:7,0,0,8
BRDA:9,1,0,6
BRDA:9,2,0,2
BRF:3
BRH:3
end_of_record
TN:
SF:src/components/Footer/Footer.tsx
FN:3,Footer
FNF:1
FNH:1
FNDA:13,Footer
DA:1,1
DA:3,1
DA:4,13
DA:5,13
DA:6,13
DA:7,13
DA:8,13
DA:10,13
LF:8
LH:8
BRDA:3,0,0,13
BRF:1
BRH:1
end_of_record
TN:
SF:src/components/Modal/Modal.tsx
FN:4,Modal
FN:9,onClick
FNF:2
FNH:2
FNDA:9,Modal
FNDA:1,onClick
DA:1,1
DA:4,1
DA:5,9
DA:7,3
DA:8,3
DA:9,3
DA:10,3
DA:11,3
DA:12,3
DA:14,3
LF:10
LH:10
BRDA:4,0,0,9
BRDA:5,1,0,6
BRDA:5,2,0,3
BRDA:9,3,0,1
BRF:4
BRH:4
end_of_record
TN:
SF:src/components/Navbar/Navbar.tsx
FN:6,Navbar
FNF:1
FNH:1
FNDA:15,Navbar
DA:2,1
DA:3,1
DA:6,1
DA:7,15
DA:8,15
DA:9,15
DA:10,4
DA:12,11
DA:13,11
DA:14,11
DA:15,11
DA:16,11
DA:18,15
DA:19,15
DA:20,15
DA:21,15
DA:22,15
DA:23,15
DA:24,15
DA:26,15
LF:20
LH:20
BRDA:6,0,0,15
BRDA:9,1,0,4
BRDA:10,2,0,11
BRF:3
BRH:3
end_of_record
TN:
SF:src/components/ResultItem/ResultItem.tsx
FN:7,ResultItem
FN:13,onClick
FNF:2
FNH:2
FNDA:27,ResultItem
FNDA:1,onClick
DA:2,1
DA:3,1
DA:5,1
DA:7,1
DA:8,27
DA:10,27
DA:11,27
DA:12,27
DA:13,27
DA:14,27
DA:15,27
DA:16,27
DA:17,27
DA:18,27
DA:19,27
DA:20,27
DA:21,27
DA:22,27
DA:24,27
LF:19
LH:19
BRDA:7,0,0,27
BRDA:13,1,0,1
BRF:2
BRH:2
end_of_record
TN:
SF:src/components/ResultItem/ResultItemSkeleton.tsx
FN:5,ResultItemSkeleton
FNF:1
FNH:1
FNDA:16,ResultItemSkeleton
DA:1,1
DA:5,1
DA:6,16
DA:8,16
DA:9,16
DA:10,16
DA:11,16
DA:12,16
DA:14,16
DA:15,16
DA:16,16
DA:17,16
DA:19,16
LF:13
LH:13
BRDA:5,0,0,16
BRF:1
BRH:1
end_of_record
TN:
SF:src/components/ResultsList/ResultsList.tsx
FN:10,ResultsList
FN:44,onClose
FNF:2
FNH:1
FNDA:6,ResultsList
FNDA:0,onClose
DA:1,1
DA:3,1
DA:4,1
DA:5,1
DA:6,1
DA:7,1
DA:8,1
DA:10,1
DA:11,6
DA:13,6
DA:14,6
DA:15,6
DA:17,6
DA:18,6
DA:19,6
DA:21,6
DA:22,1
DA:23,1
DA:25,5
DA:26,5
DA:27,5
DA:28,5
DA:29,2
DA:30,16
DA:31,2
DA:32,3
DA:33,24
DA:34,24
DA:35,24
DA:36,24
DA:37,24
DA:38,3
DA:39,6
DA:40,6
DA:41,6
DA:42,6
DA:43,6
DA:44,6
DA:45,6
DA:46,6
DA:47,6
DA:48,6
DA:50,6
LF:43
LH:43
BRDA:10,0,0,6
BRDA:21,1,0,2
BRDA:21,2,0,1
BRDA:23,3,0,5
BRDA:28,4,0,2
BRDA:31,5,0,3
BRDA:17,6,0,6
BRDA:29,7,0,16
BRDA:32,8,0,24
BRF:9
BRH:9
end_of_record
TN:
SF:src/components/ResultsMessage/ResultsMessage.tsx
FN:5,ResultsMessage
FNF:1
FNH:1
FNDA:4,ResultsMessage
DA:3,1
DA:5,1
DA:6,4
DA:8,4
DA:9,4
DA:10,4
DA:11,2
DA:12,2
DA:13,2
DA:15,4
DA:16,4
DA:17,4
DA:20,4
DA:21,4
DA:22,4
DA:24,4
LF:16
LH:16
BRDA:5,0,0,4
BRDA:10,1,0,2
BRF:2
BRH:2
end_of_record
TN:
SF:src/components/SearchButton/SearchButton.tsx
FN:5,SearchButton
FNF:1
FNH:1
FNDA:12,SearchButton
DA:2,1
DA:5,1
DA:6,12
DA:8,12
DA:9,12
DA:10,12
DA:11,12
DA:13,12
DA:14,12
DA:15,12
DA:17,12
LF:11
LH:11
BRDA:5,0,0,12
BRDA:10,1,0,6
BRDA:10,2,0,6
BRF:3
BRH:3
end_of_record
TN:
SF:src/components/SearchInput/SearchInput.tsx
FN:7,SearchInput
FNF:1
FNH:1
FNDA:13,SearchInput
DA:2,1
DA:3,1
DA:5,1
DA:7,1
DA:8,13
DA:10,13
DA:11,13
DA:12,13
DA:13,13
DA:14,13
DA:15,13
DA:16,13
DA:17,13
DA:18,13
DA:19,13
DA:20,13
DA:21,8
DA:22,8
DA:23,8
DA:24,8
DA:25,8
DA:27,8
DA:28,8
DA:30,13
DA:31,13
DA:33,13
LF:26
LH:26
BRDA:7,0,0,13
BRDA:20,1,0,8
BRF:2
BRH:2
end_of_record
TN:
SF:src/hooks/useSearchInput.ts
FN:4,useSearchInput
FN:8,handleClear
FN:12,handleChange
FN:16,handleSubmit
FNF:4
FNH:4
FNDA:13,useSearchInput
FNDA:1,handleClear
FNDA:3,handleChange
FNDA:3,handleSubmit
DA:1,1
DA:2,1
DA:4,1
DA:5,13
DA:6,13
DA:8,13
DA:9,1
DA:10,1
DA:12,13
DA:13,3
DA:14,3
DA:16,13
DA:17,3
DA:20,3
DA:21,3
DA:22,3
DA:23,2
DA:24,2
DA:25,1
DA:26,3
DA:28,13
DA:29,13
DA:30,13
DA:31,13
DA:32,13
DA:33,13
DA:34,13
LF:27
LH:27
BRDA:4,0,0,13
BRDA:8,1,0,1
BRDA:12,2,0,3
BRDA:16,3,0,3
BRDA:22,4,0,2
BRDA:24,5,0,1
BRF:6
BRH:6
end_of_record
TN:
SF:src/hooks/useSearchResults.ts
FN:5,useSearchResults
FN:16,fetchAndFilterData
FNF:2
FNH:2
FNDA:9,useSearchResults
FNDA:4,fetchAndFilterData
DA:1,1
DA:3,1
DA:5,1
DA:6,9
DA:7,9
DA:9,9
DA:10,5
DA:11,1
DA:12,1
DA:13,1
DA:14,1
DA:16,4
DA:17,4
DA:18,4
DA:20,4
DA:22,4
DA:23,4
DA:24,24
DA:25,24
DA:26,24
DA:27,22
DA:29,4
DA:30,4
DA:31,4
DA:32,0
DA:33,0
DA:34,4
DA:35,4
DA:36,4
DA:37,4
DA:38,4
DA:39,9
DA:41,9
DA:42,9
LF:34
LH:32
BRDA:5,0,0,9
BRDA:9,1,0,5
BRDA:10,2,0,1
BRDA:14,3,0,4
BRDA:16,4,0,4
BRDA:23,5,0,3
BRDA:29,6,0,1
BRDA:31,7,0,0
BRDA:23,8,0,24
BRDA:26,9,0,22
BRF:10
BRH:9
end_of_record
TN:
SF:src/pages/HomePage/HomePage.tsx
FN:8,HomePage
FNF:1
FNH:1
FNDA:9,HomePage
DA:1,1
DA:2,1
DA:3,1
DA:4,1
DA:5,1
DA:6,1
DA:8,1
DA:9,9
DA:10,9
DA:12,9
DA:13,9
DA:14,9
DA:15,9
DA:16,9
DA:17,9
DA:18,9
DA:19,9
DA:20,9
DA:21,9
DA:22,9
DA:23,9
DA:24,9
DA:25,9
DA:26,9
DA:28,9
LF:25
LH:25
BRDA:8,0,0,9
BRF:1
BRH:1
end_of_record
TN:
SF:src/pages/ResultsPage/ResultsPage.tsx
FN:11,ResultsPage
FNF:1
FNH:1
FNDA:3,ResultsPage
DA:2,1
DA:3,1
DA:4,1
DA:5,1
DA:6,1
DA:7,1
DA:8,1
DA:9,1
DA:11,1
DA:12,3
DA:13,3
DA:14,3
DA:15,3
DA:17,3
DA:18,3
DA:19,3
DA:20,3
DA:21,3
DA:22,3
DA:23,3
DA:24,3
DA:25,3
DA:26,3
DA:27,3
DA:28,3
DA:29,3
DA:30,3
DA:31,3
DA:32,3
DA:33,3
DA:34,3
DA:35,3
DA:36,3
DA:37,3
DA:38,3
DA:39,3
DA:40,3
DA:42,3
LF:38
LH:38
BRDA:11,0,0,3
BRF:1
BRH:1
end_of_record
