TN:
SF:src/components/Footer/Footer.tsx
FN:3,Footer
FNF:1
FNH:1
FNDA:9,Footer
DA:1,1
DA:3,1
DA:4,9
DA:5,9
DA:6,9
DA:7,9
DA:8,9
DA:10,9
LF:8
LH:8
BRDA:3,0,0,9
BRF:1
BRH:1
end_of_record
TN:
SF:src/components/Navbar/Navbar.tsx
FN:6,Navbar
FNF:1
FNH:1
FNDA:8,Navbar
DA:2,1
DA:3,1
DA:6,1
DA:7,8
DA:8,8
DA:9,8
DA:10,0
DA:12,8
DA:13,8
DA:14,8
DA:15,8
DA:16,8
DA:18,8
DA:19,8
DA:20,8
DA:21,8
DA:22,8
DA:23,8
DA:24,8
DA:26,8
LF:20
LH:19
BRDA:6,0,0,8
BRDA:9,1,0,0
BRF:2
BRH:1
end_of_record
TN:
SF:src/components/SearchButton/SearchButton.tsx
FN:5,SearchButton
FNF:1
FNH:1
FNDA:11,SearchButton
DA:2,1
DA:5,1
DA:6,11
DA:7,11
DA:8,11
DA:9,11
DA:10,11
DA:11,11
DA:12,11
DA:14,11
DA:15,11
DA:16,11
DA:18,11
LF:13
LH:13
BRDA:5,0,0,11
BRDA:11,1,0,5
BRDA:11,2,0,6
BRF:3
BRH:3
end_of_record
TN:
SF:src/components/SearchInput/SearchInput.tsx
FN:6,SearchInput
FNF:1
FNH:1
FNDA:9,SearchInput
DA:2,1
DA:3,1
DA:6,1
DA:7,9
DA:8,9
DA:9,9
DA:10,9
DA:11,9
DA:12,9
DA:13,9
DA:14,9
DA:15,9
DA:16,9
DA:17,9
DA:18,9
DA:19,9
DA:20,9
DA:21,9
DA:22,4
DA:23,4
DA:24,4
DA:25,4
DA:26,4
DA:28,4
DA:29,4
DA:31,9
DA:32,9
DA:34,9
LF:28
LH:28
BRDA:6,0,0,9
BRDA:21,1,0,4
BRF:2
BRH:2
end_of_record
TN:
SF:src/pages/HomePage/HomePage.tsx
FN:8,HomePage
FN:11,handleClear
FN:15,handleChange
FN:19,handleSearch
FNF:4
FNH:4
FNDA:8,HomePage
FNDA:1,handleClear
FNDA:3,handleChange
FNDA:1,handleSearch
DA:1,1
DA:2,1
DA:3,1
DA:4,1
DA:5,1
DA:6,1
DA:8,1
DA:9,8
DA:11,8
DA:12,1
DA:13,1
DA:15,8
DA:16,3
DA:17,3
DA:19,8
DA:21,8
DA:22,8
DA:23,8
DA:24,8
DA:25,8
DA:26,8
DA:27,8
DA:28,8
DA:29,8
DA:30,8
DA:31,8
DA:32,8
DA:33,8
DA:34,8
DA:36,8
LF:30
LH:30
BRDA:8,0,0,8
BRDA:11,1,0,1
BRDA:15,2,0,3
BRDA:19,3,0,1
BRF:4
BRH:4
end_of_record
